--------------------------------------------------------------------------------
Release 9.2.04i Trace 
Copyright (c) 1995-2007 Xilinx, Inc.  All rights reserved.

C:\Xilinx92i\bin\nt\trce.exe -ise H:/LAB4/as4/as4.ise -intstyle ise -e 3 -s 4
-xml as4 as4.ncd -o as4.twr as4.pcf -ucf sum4cf.ucf

Design file:              as4.ncd
Physical constraint file: as4.pcf
Device,package,speed:     xc3s400,ft256,-4 (PRODUCTION 1.39 2007-10-19)
Report level:             error report

Environment Variable      Effect 
--------------------      ------ 
NONE                      No environment variables were set
--------------------------------------------------------------------------------

INFO:Timing:2698 - No timing constraints found, doing default enumeration.
INFO:Timing:2752 - To get complete path coverage, use the unconstrained paths 
   option. All paths that are not constrained will be reported in the 
   unconstrained paths section(s) of the report.
INFO:Timing:3339 - The clock-to-out numbers in this timing report are based on 
   a 50 Ohm transmission line loading model.  For the details of this model, 
   and for more information on accounting for different loading conditions, 
   please see the device datasheet.



Data Sheet report:
-----------------
All values displayed in nanoseconds (ns)

Pad to Pad
---------------+---------------+---------+
Source Pad     |Destination Pad|  Delay  |
---------------+---------------+---------+
A<0>           |C0             |   13.735|
A<0>           |R<0>           |    9.493|
A<0>           |R<1>           |   11.436|
A<0>           |R<2>           |   12.239|
A<0>           |R<3>           |   12.669|
A<1>           |C0             |   12.995|
A<1>           |R<1>           |   10.668|
A<1>           |R<2>           |   11.499|
A<1>           |R<3>           |   11.929|
A<2>           |C0             |   10.738|
A<2>           |R<2>           |    9.242|
A<2>           |R<3>           |    9.672|
A<3>           |C0             |   10.250|
A<3>           |R<3>           |    8.987|
B<0>           |C0             |   12.264|
B<0>           |R<0>           |    8.335|
B<0>           |R<1>           |    9.965|
B<0>           |R<2>           |   10.768|
B<0>           |R<3>           |   11.198|
B<1>           |C0             |   11.672|
B<1>           |R<1>           |    8.845|
B<1>           |R<2>           |   10.176|
B<1>           |R<3>           |   10.606|
B<2>           |C0             |   10.524|
B<2>           |R<2>           |    9.028|
B<2>           |R<3>           |    9.458|
B<3>           |C0             |    9.835|
B<3>           |R<3>           |    8.997|
S1A0           |C0             |   12.216|
S1A0           |R<1>           |    9.917|
S1A0           |R<2>           |   10.720|
S1A0           |R<3>           |   11.150|
---------------+---------------+---------+


Analysis completed Sun Mar 11 15:02:41 2018 
--------------------------------------------------------------------------------

Trace Settings:
-------------------------
Trace Settings 

Peak Memory Usage: 99 MB



